Sun Mar 05 14:20:20 CST 2017  [debug] AvalonLogSystem initialized using logfile 'velocity.log'
Sun Mar 05 14:20:20 CST 2017   [info] ************************************************************** 
Sun Mar 05 14:20:20 CST 2017   [info] Starting Jakarta Velocity v1.4
Sun Mar 05 14:20:20 CST 2017   [info] RuntimeInstance initializing.
Sun Mar 05 14:20:20 CST 2017   [info] Default Properties File: org/apache/velocity/runtime/defaults/velocity.properties
Sun Mar 05 14:20:20 CST 2017   [info] Trying to use logger class org.apache.velocity.runtime.log.AvalonLogSystem
Sun Mar 05 14:20:20 CST 2017   [info] Using logger class org.apache.velocity.runtime.log.AvalonLogSystem
Sun Mar 05 14:20:20 CST 2017   [info] Default ResourceManager initializing. (class org.apache.velocity.runtime.resource.ResourceManagerImpl)
Sun Mar 05 14:20:20 CST 2017   [info] Resource Loader Instantiated: org.apache.velocity.runtime.resource.loader.ClasspathResourceLoader
Sun Mar 05 14:20:20 CST 2017   [info] ClasspathResourceLoader : initialization starting.
Sun Mar 05 14:20:20 CST 2017   [info] ClasspathResourceLoader : initialization complete.
Sun Mar 05 14:20:20 CST 2017   [info] ResourceCache : initialized. (class org.apache.velocity.runtime.resource.ResourceCacheImpl)
Sun Mar 05 14:20:20 CST 2017   [info] Default ResourceManager initialization complete.
Sun Mar 05 14:20:20 CST 2017   [info] Loaded System Directive: org.apache.velocity.runtime.directive.Literal
Sun Mar 05 14:20:20 CST 2017   [info] Loaded System Directive: org.apache.velocity.runtime.directive.Macro
Sun Mar 05 14:20:20 CST 2017   [info] Loaded System Directive: org.apache.velocity.runtime.directive.Parse
Sun Mar 05 14:20:20 CST 2017   [info] Loaded System Directive: org.apache.velocity.runtime.directive.Include
Sun Mar 05 14:20:20 CST 2017   [info] Loaded System Directive: org.apache.velocity.runtime.directive.Foreach
Sun Mar 05 14:20:21 CST 2017   [info] Created: 20 parsers.
Sun Mar 05 14:20:21 CST 2017   [info] Velocimacro : initialization starting.
Sun Mar 05 14:20:21 CST 2017   [info] Velocimacro : adding VMs from VM library template : VM_global_library.vm
Sun Mar 05 14:20:21 CST 2017  [error] ResourceManager : unable to find resource 'VM_global_library.vm' in any resource loader.
Sun Mar 05 14:20:21 CST 2017   [info] Velocimacro : error using  VM library template VM_global_library.vm : org.apache.velocity.exception.ResourceNotFoundException: Unable to find resource 'VM_global_library.vm'
Sun Mar 05 14:20:21 CST 2017   [info] Velocimacro :  VM library template macro registration complete.
Sun Mar 05 14:20:21 CST 2017   [info] Velocimacro : allowInline = true : VMs can be defined inline in templates
Sun Mar 05 14:20:21 CST 2017   [info] Velocimacro : allowInlineToOverride = false : VMs defined inline may NOT replace previous VM definitions
Sun Mar 05 14:20:21 CST 2017   [info] Velocimacro : allowInlineLocal = false : VMs defined inline will be  global in scope if allowed.
Sun Mar 05 14:20:21 CST 2017   [info] Velocimacro : messages on  : VM system will output logging messages
Sun Mar 05 14:20:21 CST 2017   [info] Velocimacro : autoload off  : VM system will not automatically reload global library macros
Sun Mar 05 14:20:21 CST 2017   [info] Velocimacro : initialization complete.
Sun Mar 05 14:20:21 CST 2017   [info] Velocity successfully started.
