2017-02-14 18:15:01 ErrorLog :Error:xml文件配置Platform错误
2017-02-14 18:17:34 ErrorLog :Error:xml文件配置Platform错误
2017-02-14 18:18:59 ErrorLog :Error:xml文件配置Platform错误
2017-02-14 18:21:04 ErrorLog :Error:xml文件配置Platform错误
2017-02-15 14:20:32 ErrorLog :Error:节点获取异常请检查文件：/*/isceshi
2017-02-15 14:20:32 ErrorLog :Error:XMLParase.getElementText-/*/isceshi找不到定位元素
2017-02-16 17:39:18 ErrorLog :Error:Platform设置错误，无法创建driver
2017-02-16 17:47:14 ErrorLog :Error:Driver.initDriver.119:-Platform设置错误，无法创建driver
2017-02-16 17:48:41 ErrorLog :Error:Driver.initDriver.119:-Platform设置错误，无法创建driver,Platform:Android
2017-02-16 18:39:30 ErrorLog :Error:Action.<init>.68:-获得测试平台失败
2017-02-16 18:41:30 ErrorLog :Error:Action.<init>.68:-获得测试平台失败
2017-02-16 19:50:41 ErrorLog :Error:Action.<init>.68:-获得测试平台失败
2017-02-16 19:51:09 ErrorLog :Error:Action.<init>.68:-获得测试平台失败
2017-02-16 19:53:12 ErrorLog :Error:Action.<init>.68:-获得测试平台失败
2017-02-16 20:02:42 ErrorLog :Error:ParseYamlFile.waitForElement.139:-Class:ParseYamlFile-Metohd:waitForElement:无法用定位方式：By.id: n.cooperative:id/password找到页面对象!超时时间:8
2017-02-17 09:38:37 ErrorLog :Error:ParseYamlFile.waitForElement.139:-Class:ParseYamlFile-Metohd:waitForElement:无法用定位方式：By.id: n.cooperative:id/password找到页面对象!超时时间:8
2017-02-17 09:38:53 ErrorLog :Error:Assertion.webElementIsNotNull.181:-测试用例：登陆-用户名大写步骤:0-是否登陆成功；测试结果:测试失败！元素没有被找到！失败截图名：测试用例：登陆-用户名大写步骤:0-是否登陆成功登陆-用户名大写:0:2017年02月17日-09时38分52秒.png
2017-02-17 17:33:37 ErrorLog :Error:ParseYamlFile.waitForElement.139:-Class:ParseYamlFile-Metohd:waitForElement:无法用定位方式：By.xpath: //UIAStaticText[contains(@name,'密码   ')]找到页面对象!超时时间:8
2017-02-17 17:34:46 ErrorLog :Error:ParseYamlFile.waitForElement.139:-Class:ParseYamlFile-Metohd:waitForElement:无法用定位方式：By.xpath: //UIATextField[2]找到页面对象!超时时间:8
2017-02-18 14:25:25 ErrorLog :Error:ExcelReader.load.70:-java.io.FileNotFoundException: ./File/dataExcles/登陆.xls (No such file or directory)
2017-02-18 14:25:25 ErrorLog :Error:ExcelReader.load.70:-java.io.FileNotFoundException: ./File/dataExcles/登陆.xls (No such file or directory)
2017-02-18 14:25:27 ErrorLog :Error:excle文件./File/dataExcles/登陆.xlssheet名字错误，请检查
2017-02-18 14:27:29 ErrorLog :Error:ParseYamlFile.waitForElement.139:-Class:ParseYamlFile-Metohd:waitForElement:无法用定位方式：By.xpath: //android.widget.TextView[(@text='荆影')]找到页面对象!超时时间:8
2017-02-18 14:27:31 ErrorLog :Error:Assertion.webElementIsNotNull.181:-测试用例：登陆-正确用户名密码步骤:0-是否登陆成功；测试结果:测试失败！元素没有被找到！失败截图名：测试用例：登陆-正确用户名密码步骤:0-是否登陆成功登陆-正确用户名密码:0:2017年02月18日-14时27分29秒.png
2017-02-18 14:56:26 ErrorLog :Error:ExcelReader.load.70:-java.io.FileNotFoundException: ./File/dataExcles/project/eclipse/AppAutomationTest/File/dataExcles/登陆.xlsx (No such file or directory)
2017-02-18 14:56:26 ErrorLog :Error:excle文件./File/dataExcles//project/eclipse/AppAutomationTest/File/dataExcles/登陆.xlsxsheet名字错误，请检查
2017-02-18 16:13:15 ErrorLog :Error:ParseYamlFile.waitForElement.139:-Class:ParseYamlFile-Metohd:waitForElement:无法用定位方式：By.xpath: //android.widget.TextView[(@text='荆影')]找到页面对象!超时时间:8
2017-02-18 16:13:40 ErrorLog :Error:ParseYamlFile.waitForElement.139:-Class:ParseYamlFile-Metohd:waitForElement:无法用定位方式：By.xpath: //android.widget.TextView[(@text='荆影')]找到页面对象!超时时间:8
2017-02-18 16:13:52 ErrorLog :Error:Assertion.webElementIsNull.216:-测试用例：登陆-密码为空步骤:0-是否登陆成功；测试结果:测试失败！元素依然在页面上！失败截图名：测试用例编号：登陆-密码为空:登陆-密码为空:0:2017年02月18日-16时13分50秒.png
2017-02-18 16:47:20 ErrorLog :Error:ParseYamlFile.waitForElement.145:-Class:ParseYamlFile-Metohd:waitForElement:无法用定位方式：By.xpath: //android.widget.TextView[(@text='荆影')]找到页面对象!超时时间:10
2017-02-18 16:48:03 ErrorLog :Error:Assertion.webElementIsNull.216:-测试用例：登陆-密码为空步骤:0-是否登陆成功；测试结果:测试失败！元素依然在页面上！失败截图名：测试用例编号：登陆-密码为空:登陆-密码为空:0:2017年02月18日-16时48分01秒.png
2017-02-18 16:54:23 ErrorLog :Error:ParseYamlFile.waitForElement.146:-Class:ParseYamlFile-Metohd:waitForElement:无法用定位方式：By.xpath: //android.widget.TextView[(@text='荆影')]找到页面对象!超时时间:10
2017-02-18 16:54:59 ErrorLog :Error:Assertion.webElementIsNull.216:-测试用例：登陆-密码为空步骤:0-是否登陆成功；测试结果:测试失败！元素依然在页面上！失败截图名：测试用例编号：登陆-密码为空:登陆-密码为空:0:2017年02月18日-16时54分57秒.png
2017-02-18 17:11:39 ErrorLog :Error:Assertion.webElementIsNull.216:-测试用例：登陆-密码为空步骤:0-是否登陆成功；测试结果:测试失败！元素依然在页面上！失败截图名：测试用例编号：登陆-密码为空:登陆-密码为空:0:2017年02月18日-17时11分37秒.png
2017-02-18 17:39:21 ErrorLog :Error:Assertion.webElementIsNull.216:-测试用例：登陆-密码为空步骤:0-是否登陆成功；测试结果:测试失败！元素依然在页面上！失败截图名：测试用例编号：登陆-密码为空:登陆-密码为空:0:2017年02月18日-17时39分19秒.png
2017-02-18 18:08:28 ErrorLog :Error:ParseYamlFile.waitForElement.146:-Class:ParseYamlFile-Metohd:waitForElement:无法用定位方式：By.xpath: //android.widget.TextView[(@text='荆影')]找到页面对象!超时时间:10
2017-02-18 18:11:39 ErrorLog :Error:Assertion.webElementIsNull.216:-测试用例：登陆-密码为空步骤:0-是否登陆成功；测试结果:测试失败！元素依然在页面上！失败截图名：测试用例编号：登陆-密码为空:登陆-密码为空:0:2017年02月18日-18时11分37秒.png
2017-02-18 18:46:39 ErrorLog :Error:ParseYamlFile.waitForElement.146:-Class:ParseYamlFile-Metohd:waitForElement:无法用定位方式：By.xpath: //UIATextField[contains(@name,'请输入用户名')]找到页面对象!超时时间:10
2017-02-18 18:46:55 ErrorLog :Error:ParseYamlFile.waitForElement.146:-Class:ParseYamlFile-Metohd:waitForElement:无法用定位方式：By.xpath: //UIATextField[contains(@name,'请输入密码')]找到页面对象!超时时间:10
2017-02-18 18:51:53 ErrorLog :Error:ParseYamlFile.waitForElement.146:-Class:ParseYamlFile-Metohd:waitForElement:无法用定位方式：By.xpath: //UIATextField[contains(@value,'请输入密码')]找到页面对象!超时时间:10
2017-02-20 09:38:58 ErrorLog :Error:ParseYamlFile.waitForElement.146:-Class:ParseYamlFile-Metohd:waitForElement:无法用定位方式：By.xpath: //android.widget.TextView[(@text='荆影')]找到页面对象!超时时间:10
2017-02-20 09:38:59 ErrorLog :Error:Assertion.webElementIsNotNull.181:-测试用例：登陆-正确用户名密码步骤:0-是否登陆成功；测试结果:测试失败！元素没有被找到！失败截图名：测试用例：登陆-正确用户名密码步骤:0-是否登陆成功登陆-正确用户名密码:0:2017年02月20日-09时38分58秒.png
2017-02-20 09:39:48 ErrorLog :Error:ParseYamlFile.waitForElement.146:-Class:ParseYamlFile-Metohd:waitForElement:无法用定位方式：By.id: cn.cooperative:id/iv_setting找到页面对象!超时时间:10
2017-02-20 09:40:45 ErrorLog :Error:ParseYamlFile.waitForElement.146:-Class:ParseYamlFile-Metohd:waitForElement:无法用定位方式：By.xpath: //android.widget.Button[starts-with(@text,'注销账户')]找到页面对象!超时时间:10
2017-02-20 17:32:00 ErrorLog :Error:ScreenShots.takeScreenshots.45:-java.io.IOException: Destination './File/Screenshots' exists but is a directory
2017-02-20 22:52:55 ErrorLog :Error:ExcelHandle.addCellData.139:-ExcelHandle-addCell插入或更新错误：--java.lang.NullPointerException
2017-02-20 22:52:55 ErrorLog :Error:ExcelHandle.addCellData.139:-ExcelHandle-addCell插入或更新错误：--java.lang.NullPointerException
2017-02-20 23:11:22 ErrorLog :Error:ExcelHandle.addCellData.139:-ExcelHandle-addCell插入或更新错误：--java.lang.NullPointerException
2017-02-20 23:11:22 ErrorLog :Error:ExcelHandle.addCellData.139:-ExcelHandle-addCell插入或更新错误：--java.lang.NullPointerException
2017-02-20 23:11:47 ErrorLog :Error:./testReport/测试报告.xls文件-测试报告sheet-错误-s保存excel失败,详情为：java.lang.NullPointerException
2017-02-20 23:14:59 ErrorLog :Error:ExcelHandle.addCellData.139:-ExcelHandle-addCell插入或更新错误：--java.lang.NullPointerException
2017-02-20 23:14:59 ErrorLog :Error:ExcelHandle.addCellData.139:-ExcelHandle-addCell插入或更新错误：--java.lang.NullPointerException
2017-02-20 23:15:25 ErrorLog :Error:/project/eclipse/AppAutomationTest/testReport/测试报告.xls文件-测试报告sheet-错误-s保存excel失败,详情为：java.lang.NullPointerException
2017-02-20 23:16:53 ErrorLog :Error:ExcelHandle.addCellData.139:-ExcelHandle-addCell插入或更新错误：--java.lang.NullPointerException
2017-02-20 23:16:53 ErrorLog :Error:ExcelHandle.addCellData.139:-ExcelHandle-addCell插入或更新错误：--java.lang.NullPointerException
2017-02-20 23:17:18 ErrorLog :Error:./File/dataExcles/测试数据.xls文件-sheet-错误-s保存excel失败,详情为：java.lang.NullPointerException
2017-02-20 23:17:52 ErrorLog :Error:文件-sheet-数据3-s保存excel失败,详情为：java.lang.NullPointerException
